2025-01-24 18:43:18,855 - INFO - \U0001f7e2 Inbox-Handler wird gestartet...
2025-01-24 18:43:18,855 - INFO - \U0001f7e2 Inbox-Handler wurde gestartet.
2025-01-24 18:43:18,856 - INFO - \U0001f504 Starte `process_inbox`-Funktion...
2025-01-24 18:43:18,945 - INFO - \U0001f504 Verarbeite Inbox-ID: 12844163-8129-4841-9bea-3a8463479028
2025-01-24 18:43:18,968 - WARNING - \u26a0\ufe0f Ungültige Daten in Inbox-ID: 12844163-8129-4841-9bea-3a8463479028
2025-01-24 18:43:18,981 - INFO - \U0001f504 Verarbeite Inbox-ID: 21b2d900-4655-4dc9-a993-72437bd8943c
2025-01-24 18:43:18,987 - WARNING - \u26a0\ufe0f Ungültige Daten in Inbox-ID: 21b2d900-4655-4dc9-a993-72437bd8943c
2025-01-24 18:43:28,997 - INFO - \U0001f504 Starte `process_inbox`-Funktion...
2025-01-24 18:43:29,000 - INFO - \u2705 Keine neuen Einträge zum Verarbeiten.
2025-01-24 18:43:39,002 - INFO - \U0001f504 Starte `process_inbox`-Funktion...
2025-01-24 18:43:39,007 - INFO - \U0001f504 Verarbeite Inbox-ID: a73978e9-fbbe-46ee-994d-962001141d8f
2025-01-24 18:43:39,013 - WARNING - \u26a0\ufe0f Ungültige Daten in Inbox-ID: a73978e9-fbbe-46ee-994d-962001141d8f
2025-01-24 18:43:49,020 - INFO - \U0001f504 Starte `process_inbox`-Funktion...
2025-01-24 18:43:49,024 - INFO - \u2705 Keine neuen Einträge zum Verarbeiten.
2025-01-24 18:43:59,025 - INFO - \U0001f504 Starte `process_inbox`-Funktion...
2025-01-24 18:43:59,029 - INFO - \u2705 Keine neuen Einträge zum Verarbeiten.
2025-01-24 18:44:09,030 - INFO - \U0001f504 Starte `process_inbox`-Funktion...
2025-01-24 18:44:09,033 - INFO - \u2705 Keine neuen Einträge zum Verarbeiten.
2025-01-24 18:45:38,544 - INFO - \U0001f7e2 Inbox-Handler wird gestartet...
2025-01-24 18:45:38,544 - INFO - \U0001f7e2 Inbox-Handler wurde gestartet.
2025-01-24 18:45:38,545 - INFO - \U0001f504 Starte `process_inbox`-Funktion...
2025-01-24 18:45:38,659 - INFO - \u2705 Keine neuen Einträge zum Verarbeiten.
2025-01-24 18:45:48,664 - INFO - \U0001f504 Starte `process_inbox`-Funktion...
2025-01-24 18:45:48,667 - INFO - \u2705 Keine neuen Einträge zum Verarbeiten.
2025-01-24 18:45:58,668 - INFO - \U0001f504 Starte `process_inbox`-Funktion...
2025-01-24 18:45:58,671 - INFO - \u2705 Keine neuen Einträge zum Verarbeiten.
2025-01-24 18:46:08,672 - INFO - \U0001f504 Starte `process_inbox`-Funktion...
2025-01-24 18:46:08,674 - INFO - \u2705 Keine neuen Einträge zum Verarbeiten.
2025-01-24 18:46:18,676 - INFO - \U0001f504 Starte `process_inbox`-Funktion...
2025-01-24 18:46:18,679 - INFO - \u2705 Keine neuen Einträge zum Verarbeiten.
2025-01-24 18:46:28,681 - INFO - \U0001f504 Starte `process_inbox`-Funktion...
2025-01-24 18:46:28,685 - INFO - \u2705 Keine neuen Einträge zum Verarbeiten.
2025-01-24 18:46:38,688 - INFO - \U0001f504 Starte `process_inbox`-Funktion...
2025-01-24 18:46:38,691 - INFO - \u2705 Keine neuen Einträge zum Verarbeiten.
2025-01-24 18:46:48,692 - INFO - \U0001f504 Starte `process_inbox`-Funktion...
2025-01-24 18:46:48,695 - INFO - \u2705 Keine neuen Einträge zum Verarbeiten.
2025-01-24 18:46:58,696 - INFO - \U0001f504 Starte `process_inbox`-Funktion...
2025-01-24 18:46:58,700 - INFO - \u2705 Keine neuen Einträge zum Verarbeiten.
2025-01-24 18:47:08,701 - INFO - \U0001f504 Starte `process_inbox`-Funktion...
2025-01-24 18:47:08,704 - INFO - \u2705 Keine neuen Einträge zum Verarbeiten.
2025-01-24 18:47:15,902 - INFO - \U0001f7e2 Inbox-Handler wird gestartet...
2025-01-24 18:47:15,902 - INFO - \U0001f7e2 Inbox-Handler wurde gestartet.
2025-01-24 18:47:15,903 - INFO - \U0001f504 Starte `process_inbox`-Funktion...
2025-01-24 18:47:15,982 - INFO - \u2705 Keine neuen Einträge zum Verarbeiten.
2025-01-24 18:47:18,705 - INFO - \U0001f504 Starte `process_inbox`-Funktion...
2025-01-24 18:47:18,708 - INFO - \u2705 Keine neuen Einträge zum Verarbeiten.
2025-01-24 18:47:25,983 - INFO - \U0001f504 Starte `process_inbox`-Funktion...
2025-01-24 18:47:25,987 - INFO - \u2705 Keine neuen Einträge zum Verarbeiten.
2025-01-24 18:47:28,709 - INFO - \U0001f504 Starte `process_inbox`-Funktion...
2025-01-24 18:47:28,713 - INFO - \u2705 Keine neuen Einträge zum Verarbeiten.
2025-01-24 18:47:35,988 - INFO - \U0001f504 Starte `process_inbox`-Funktion...
2025-01-24 18:47:35,995 - INFO - \u2705 Keine neuen Einträge zum Verarbeiten.
2025-01-24 18:47:38,715 - INFO - \U0001f504 Starte `process_inbox`-Funktion...
2025-01-24 18:47:38,718 - INFO - \u2705 Keine neuen Einträge zum Verarbeiten.
2025-01-24 18:47:48,720 - INFO - \U0001f504 Starte `process_inbox`-Funktion...
2025-01-24 18:47:48,723 - INFO - \u2705 Keine neuen Einträge zum Verarbeiten.
2025-01-24 18:47:58,724 - INFO - \U0001f504 Starte `process_inbox`-Funktion...
2025-01-24 18:47:58,728 - INFO - \u2705 Keine neuen Einträge zum Verarbeiten.
2025-01-24 18:48:08,236 - INFO - \U0001f7e2 Inbox-Handler wird gestartet...
2025-01-24 18:48:08,236 - INFO - \U0001f7e2 Inbox-Handler wurde gestartet.
2025-01-24 18:48:08,236 - INFO - \U0001f504 Starte `process_inbox`-Funktion...
2025-01-24 18:48:08,311 - INFO - \u2705 Keine neuen Einträge zum Verarbeiten.
2025-01-24 18:48:18,312 - INFO - \U0001f504 Starte `process_inbox`-Funktion...
2025-01-24 18:48:18,316 - INFO - \u2705 Keine neuen Einträge zum Verarbeiten.
2025-01-24 18:48:28,317 - INFO - \U0001f504 Starte `process_inbox`-Funktion...
2025-01-24 18:48:28,321 - INFO - \u2705 Keine neuen Einträge zum Verarbeiten.
